Arguments: 
  /Users/henryhan/.nvm/versions/node/v16.10.0/bin/node /usr/local/Cellar/yarn/1.22.10/libexec/bin/yarn.js init

PATH: 
  /Users/henryhan/Library/Android/sdk/platform-tools:/Users/henryhan/.asdf/shims:/usr/local/opt/asdf/libexec/bin:/Users/henryhan/.platformsh/bin:/Users/henryhan/.nvm/versions/node/v16.10.0/bin:/usr/local/mysql/bin:/usr/local/bin:/usr/bin:/bin:/usr/sbin:/sbin:/usr/local/go/bin:/Library/Apple/usr/bin:/Users/henryhan/Library/Android/sdk/platform-tools:/Users/henryhan/google-cloud-sdk/bin:/Users/henryhan/.platformsh/bin:/Users/henryhan/.nvm/versions/node/v16.10.0/bin:/usr/local/mysql/bin:/Users/henryhan/go/bin:/Users/henryhan/.npm-global/bin:/Users/henryhan/.npm-global/bin

Yarn version: 
  1.22.10

Node version: 
  16.10.0

Platform: 
  darwin x64

Trace: 
  Error: canceled
      at Interface.<anonymous> (/usr/local/Cellar/yarn/1.22.10/libexec/lib/cli.js:137009:13)
      at Interface.emit (node:events:390:28)
      at Interface._ttyWrite (node:readline:1081:16)
      at ReadStream.onkeypress (node:readline:288:10)
      at ReadStream.emit (node:events:390:28)
      at emitKeys (node:internal/readline/utils:358:14)
      at emitKeys.next (<anonymous>)
      at ReadStream.onData (node:internal/readline/emitKeypressEvents:61:36)
      at ReadStream.emit (node:events:390:28)
      at addChunk (node:internal/streams/readable:315:12)

npm manifest: 
  No manifest

yarn manifest: 
  No manifest

Lockfile: 
  No lockfile
